<?xml version="1.0" encoding="UTF-8" ?>
<testsuite tests="3" failures="0" name="jpabook.jpashop.service.OrderServiceTest" time="0.033" errors="0" skipped="0">
  <properties>
    <property name="java.runtime.name" value="OpenJDK Runtime Environment"/>
    <property name="sun.boot.library.path" value="C:\Program Files\ojdkbuild\java-1.8.0-openjdk-1.8.0.232-2\jre\bin"/>
    <property name="java.vm.version" value="25.232-b09"/>
    <property name="java.vm.vendor" value=""/>
    <property name="maven.multiModuleProjectDirectory" value="C:\Users\NC366\workspace\jpabook\ch11-jpa-shop"/>
    <property name="java.vendor.url" value="http://java.oracle.com/"/>
    <property name="path.separator" value=";"/>
    <property name="guice.disable.misplaced.annotation.check" value="true"/>
    <property name="java.vm.name" value="OpenJDK 64-Bit Server VM"/>
    <property name="file.encoding.pkg" value="sun.io"/>
    <property name="user.script" value=""/>
    <property name="user.country" value="KR"/>
    <property name="sun.java.launcher" value="SUN_STANDARD"/>
    <property name="sun.os.patch.level" value=""/>
    <property name="java.vm.specification.name" value="Java Virtual Machine Specification"/>
    <property name="user.dir" value="C:\Users\NC366\workspace\jpabook\ch11-jpa-shop"/>
    <property name="java.runtime.version" value="1.8.0_232-b09"/>
    <property name="java.awt.graphicsenv" value="sun.awt.Win32GraphicsEnvironment"/>
    <property name="java.endorsed.dirs" value="C:\Program Files\ojdkbuild\java-1.8.0-openjdk-1.8.0.232-2\jre\lib\endorsed"/>
    <property name="os.arch" value="amd64"/>
    <property name="java.io.tmpdir" value="C:\Users\NC366\AppData\Local\Temp\"/>
    <property name="line.separator" value="
"/>
    <property name="java.vm.specification.vendor" value="Oracle Corporation"/>
    <property name="user.variant" value=""/>
    <property name="os.name" value="Windows 10"/>
    <property name="classworlds.conf" value="C:\Users\NC366\workspace\.metadata\.metadata\.plugins\org.eclipse.m2e.launching\launches\m2conf8565600798358401165.tmp"/>
    <property name="jansi.force" value="true"/>
    <property name="sun.jnu.encoding" value="MS949"/>
    <property name="java.library.path" value="C:\Program Files\ojdkbuild\java-1.8.0-openjdk-1.8.0.232-2\bin;C:\WINDOWS\Sun\Java\bin;C:\WINDOWS\system32;C:\WINDOWS;C:/Program Files/ojdkbuild/java-1.8.0-openjdk-1.8.0.232-2/bin/../jre/bin/server;C:/Program Files/ojdkbuild/java-1.8.0-openjdk-1.8.0.232-2/bin/../jre/bin;C:/Program Files/ojdkbuild/java-1.8.0-openjdk-1.8.0.232-2/bin/../jre/lib/amd64;D:\app\NC366\virtual\product\12.2.0\dbhome_1\bin;C:\WINDOWS\system32;C:\WINDOWS;C:\WINDOWS\System32\Wbem;C:\WINDOWS\System32\WindowsPowerShell\v1.0\;C:\Program Files\Git\cmd;C:\WINDOWS\System32\OpenSSH\;C:\Program Files\ojdkbuild\java-1.8.0-openjdk-1.8.0.232-2\bin;C:\Users\NC366\apache-maven-3.5.0\\bin;C:\Program Files\ojdkbuild\java-1.8.0-openjdk-1.8.0.232-2\bin;C:\Program Files\ojdkbuild\java-1.8.0-openjdk-1.8.0.232-2\jre\bin;C:\Program Files\Microsoft SQL Server\Client SDK\ODBC\130\Tools\Binn\;C:\Program Files (x86)\Microsoft SQL Server\140\Tools\Binn\;C:\Program Files\Microsoft SQL Server\140\Tools\Binn\;C:\Program Files\Microsoft SQL Server\140\DTS\Binn\;C:\Program Files\Docker\Docker\resources\bin;C:\ProgramData\DockerDesktop\version-bin;C:\Users\NC366\AppData\Local\Microsoft\WindowsApps;;C:\Users\NC366\AppData\Local\Microsoft\WindowsApps;C:\Program Files\Bandizip\;C:\sts-4.6.2.RELEASE;;."/>
    <property name="jansi.passthrough" value="true"/>
    <property name="java.specification.name" value="Java Platform API Specification"/>
    <property name="java.class.version" value="52.0"/>
    <property name="sun.management.compiler" value="HotSpot 64-Bit Tiered Compilers"/>
    <property name="os.version" value="10.0"/>
    <property name="user.home" value="C:\Users\NC366"/>
    <property name="user.timezone" value="Asia/Seoul"/>
    <property name="java.awt.printerjob" value="sun.awt.windows.WPrinterJob"/>
    <property name="java.specification.version" value="1.8"/>
    <property name="file.encoding" value="MS949"/>
    <property name="user.name" value="NC366"/>
    <property name="java.class.path" value="C:\sts-4.6.2.RELEASE\plugins\org.eclipse.m2e.maven.runtime_1.16.0.20200610-1735\jars\plexus-classworlds-2.6.0.jar"/>
    <property name="java.vm.specification.version" value="1.8"/>
    <property name="sun.arch.data.model" value="64"/>
    <property name="java.home" value="C:\Program Files\ojdkbuild\java-1.8.0-openjdk-1.8.0.232-2\jre"/>
    <property name="sun.java.command" value="org.codehaus.plexus.classworlds.launcher.Launcher -B package -Dstyle.color=always"/>
    <property name="java.specification.vendor" value="Oracle Corporation"/>
    <property name="user.language" value="ko"/>
    <property name="awt.toolkit" value="sun.awt.windows.WToolkit"/>
    <property name="java.vm.info" value="mixed mode"/>
    <property name="java.version" value="1.8.0_232"/>
    <property name="java.ext.dirs" value="C:\Program Files\ojdkbuild\java-1.8.0-openjdk-1.8.0.232-2\jre\lib\ext;C:\WINDOWS\Sun\Java\lib\ext"/>
    <property name="sun.boot.class.path" value="C:\Program Files\ojdkbuild\java-1.8.0-openjdk-1.8.0.232-2\jre\lib\resources.jar;C:\Program Files\ojdkbuild\java-1.8.0-openjdk-1.8.0.232-2\jre\lib\rt.jar;C:\Program Files\ojdkbuild\java-1.8.0-openjdk-1.8.0.232-2\jre\lib\sunrsasign.jar;C:\Program Files\ojdkbuild\java-1.8.0-openjdk-1.8.0.232-2\jre\lib\jsse.jar;C:\Program Files\ojdkbuild\java-1.8.0-openjdk-1.8.0.232-2\jre\lib\jce.jar;C:\Program Files\ojdkbuild\java-1.8.0-openjdk-1.8.0.232-2\jre\lib\charsets.jar;C:\Program Files\ojdkbuild\java-1.8.0-openjdk-1.8.0.232-2\jre\lib\jfr.jar;C:\Program Files\ojdkbuild\java-1.8.0-openjdk-1.8.0.232-2\jre\classes"/>
    <property name="java.vendor" value="Oracle Corporation"/>
    <property name="maven.home" value="C:\Users\NC366\workspace\jpabook\ch11-jpa-shop\EMBEDDED"/>
    <property name="style.color" value="always"/>
    <property name="file.separator" value="\"/>
    <property name="java.vendor.url.bug" value="http://bugreport.sun.com/bugreport/"/>
    <property name="sun.cpu.endian" value="little"/>
    <property name="sun.io.unicode.encoding" value="UnicodeLittle"/>
    <property name="sun.desktop" value="windows"/>
    <property name="sun.cpu.isalist" value="amd64"/>
  </properties>
  <testcase classname="jpabook.jpashop.service.OrderServiceTest" name="상품주문_재고수량초과" time="0.014"/>
  <testcase classname="jpabook.jpashop.service.OrderServiceTest" name="상품주문" time="0.01"/>
  <testcase classname="jpabook.jpashop.service.OrderServiceTest" name="주문취소" time="0.009"/>
</testsuite>